<?xml version="1.0" encoding="UTF-8"?>
<!-- Generated by org.testng.reporters.JUnitReportReporter -->
<testsuite skipped="0" hostname="HEMA" name="TestScripts.Requisition" tests="2" failures="0" timestamp="05 Mar 2019 09:44:24 GMT" time="15.011" errors="0">
  <testcase name="createRequistion" time="9.877" classname="TestScripts.Requisition"/>
  <testcase name="serachRequistion" time="5.134" classname="TestScripts.Requisition"/>
</testsuite> <!-- TestScripts.Requisition -->
