<?xml version="1.0" encoding="UTF-8"?>
<!-- Generated by org.testng.reporters.JUnitReportReporter -->
<testsuite hostname="HEMA" name="TestScripts.Login" tests="2" failures="0" timestamp="1 Mar 2019 17:08:10 GMT" time="10.801" errors="0">
  <testcase name="ValidLogin" time="5.659" classname="TestScripts.Login"/>
  <testcase name="ValidLogin" time="5.142" classname="TestScripts.Login"/>
</testsuite> <!-- TestScripts.Login -->
