<?xml version="1.0" encoding="UTF-8"?>
<!-- Generated by org.testng.reporters.JUnitReportReporter -->
<testsuite hostname="HEMA" name="TestScripts.Dashboard" tests="1" failures="0" timestamp="1 Mar 2019 17:08:10 GMT" time="6.451" errors="0">
  <testcase name="validateTitle" time="6.451" classname="TestScripts.Dashboard"/>
</testsuite> <!-- TestScripts.Dashboard -->
